<?xml version="1.0" encoding="UTF-8"?>
<testsuite name="com.qaworks.acceptancetests.features.ContactTests" time="0.068" tests="4" errors="2" skipped="0" failures="0">
  <properties>
[...]
</properties>
  <testcase name="Given I navigate to QAWorks site" classname="Scenario: Valid submission" time="0.002"/>
  <testcase name="When I want to know more about QAWorks exciting services" classname="Scenario: Valid submission" time="0"/>
  <testcase name="Then I should be able to contact QAWorks with the following information" classname="Scenario: Valid submission" time="0.033">
    <error message="Timed out after 5 seconds waiting for net.serenitybdd.core.pages.WebElementFacadeImpl$1@476ec9d0&#10;Build info: version: &apos;2.46.0&apos;, revision: &apos;61506a4624b13675f24581e453592342b7485d71&apos;, time: &apos;2015-06-04 10:22:50&apos;&#10;System info: host: &apos;Koteswara&apos;, ip: &apos;192.168.1.22&apos;, os.name: &apos;Windows 8.1&apos;, os.arch: &apos;amd64&apos;, os.version: &apos;6.3&apos;, java.version: &apos;1.8.0_51&apos;&#10;Driver info: driver.version: unknown&#10;For documentation on this error, please visit: http://seleniumhq.org/exceptions/no_such_element.html&#10;Build info: version: &apos;2.46.0&apos;, revision: &apos;61506a4624b13675f24581e453592342b7485d71&apos;, time: &apos;2015-06-04 10:22:50&apos;&#10;System info: host: &apos;Koteswara&apos;, ip: &apos;192.168.1.22&apos;, os.name: &apos;Windows 8.1&apos;, os.arch: &apos;amd64&apos;, os.version: &apos;6.3&apos;, java.version: &apos;1.8.0_51&apos;&#10;Driver info: driver.version: unknown" type="net.serenitybdd.core.exceptions.SerenityWebDriverException"><![CDATA[net.serenitybdd.core.exceptions.SerenityWebDriverException: Timed out after 5 seconds waiting for net.serenitybdd.core.pages.WebElementFacadeImpl$1@476ec9d0
Build info: version: '2.46.0', revision: '61506a4624b13675f24581e453592342b7485d71', time: '2015-06-04 10:22:50'
System info: host: 'Koteswara', ip: '192.168.1.22', os.name: 'Windows 8.1', os.arch: 'amd64', os.version: '6.3', java.version: '1.8.0_51'
Driver info: driver.version: unknown
For documentation on this error, please visit: http://seleniumhq.org/exceptions/no_such_element.html
Build info: version: '2.46.0', revision: '61506a4624b13675f24581e453592342b7485d71', time: '2015-06-04 10:22:50'
System info: host: 'Koteswara', ip: '192.168.1.22', os.name: 'Windows 8.1', os.arch: 'amd64', os.version: '6.3', java.version: '1.8.0_51'
Driver info: driver.version: unknown
	at net.serenitybdd.core.pages.WebElementFacadeImpl.throwNoSuchElementExceptionWithCauseIfPresent(WebElementFacadeImpl.java:751)
	at net.serenitybdd.core.pages.WebElementFacadeImpl.checkPresenceOfWebElement(WebElementFacadeImpl.java:714)
	at net.serenitybdd.core.pages.WebElementFacadeImpl.getText(WebElementFacadeImpl.java:893)
	at sun.reflect.NativeMethodAccessorImpl.invoke0(Native Method)
	at sun.reflect.NativeMethodAccessorImpl.invoke(NativeMethodAccessorImpl.java:62)
	at sun.reflect.DelegatingMethodAccessorImpl.invoke(DelegatingMethodAccessorImpl.java:43)
	at java.lang.reflect.Method.invoke(Method.java:497)
	at net.thucydides.core.annotations.locators.AbstractSingleItemHandler.invoke(AbstractSingleItemHandler.java:46)
	at com.sun.proxy.$Proxy23.getText(Unknown Source)
	at com.qaworks.acceptancetests.pages.ContactUsPage.getName(ContactUsPage.java:31)
	at com.qaworks.acceptancetests.features.steps.serenity.UserContactSteps.should_contact_QAWorks(UserContactSteps.java:24)
	at com.qaworks.acceptancetests.features.steps.serenity.UserContactSteps$$EnhancerByCGLIB$$831fbf13.CGLIB$should_contact_QAWorks$0(<generated>)
	at com.qaworks.acceptancetests.features.steps.serenity.UserContactSteps$$EnhancerByCGLIB$$831fbf13$$FastClassByCGLIB$$b78662c.invoke(<generated>)
	at net.sf.cglib.proxy.MethodProxy.invokeSuper(MethodProxy.java:228)
	at net.thucydides.core.steps.StepInterceptor.invokeMethod(StepInterceptor.java:334)
	at net.thucydides.core.steps.StepInterceptor.executeTestStepMethod(StepInterceptor.java:319)
	at net.thucydides.core.steps.StepInterceptor.runTestStep(StepInterceptor.java:296)
	at net.thucydides.core.steps.StepInterceptor.testStepResult(StepInterceptor.java:129)
	at net.thucydides.core.steps.StepInterceptor.intercept(StepInterceptor.java:56)
	at com.qaworks.acceptancetests.features.steps.serenity.UserContactSteps$$EnhancerByCGLIB$$831fbf13.should_contact_QAWorks(<generated>)
	at com.qaworks.acceptancetests.features.steps.ContactSteps.i_should_be_able_to_contact_QAWorks_with_the_following_information(ContactSteps.java:31)
	at sun.reflect.NativeMethodAccessorImpl.invoke0(Native Method)
	at sun.reflect.NativeMethodAccessorImpl.invoke(NativeMethodAccessorImpl.java:62)
	at sun.reflect.DelegatingMethodAccessorImpl.invoke(DelegatingMethodAccessorImpl.java:43)
	at java.lang.reflect.Method.invoke(Method.java:497)
	at cucumber.runtime.Utils$1.call(Utils.java:37)
	at cucumber.runtime.Timeout.timeout(Timeout.java:13)
	at cucumber.runtime.Utils.invoke(Utils.java:31)
	at cucumber.runtime.java.JavaStepDefinition.execute(JavaStepDefinition.java:38)
	at cucumber.runtime.StepDefinitionMatch.runStep(StepDefinitionMatch.java:37)
	at cucumber.runtime.Runtime.runStep(Runtime.java:299)
	at cucumber.runtime.model.StepContainer.runStep(StepContainer.java:44)
	at cucumber.runtime.model.StepContainer.runSteps(StepContainer.java:39)
	at cucumber.runtime.model.CucumberScenario.run(CucumberScenario.java:44)
	at cucumber.runtime.junit.ExecutionUnitRunner.run(ExecutionUnitRunner.java:91)
	at cucumber.runtime.junit.FeatureRunner.runChild(FeatureRunner.java:63)
	at cucumber.runtime.junit.FeatureRunner.runChild(FeatureRunner.java:18)
	at org.junit.runners.ParentRunner$3.run(ParentRunner.java:290)
	at org.junit.runners.ParentRunner$1.schedule(ParentRunner.java:71)
	at org.junit.runners.ParentRunner.runChildren(ParentRunner.java:288)
	at org.junit.runners.ParentRunner.access$000(ParentRunner.java:58)
	at org.junit.runners.ParentRunner$2.evaluate(ParentRunner.java:268)
	at org.junit.runners.ParentRunner.run(ParentRunner.java:363)
	at cucumber.runtime.junit.FeatureRunner.run(FeatureRunner.java:70)
	at cucumber.api.junit.Cucumber.runChild(Cucumber.java:93)
	at cucumber.api.junit.Cucumber.runChild(Cucumber.java:37)
	at org.junit.runners.ParentRunner$3.run(ParentRunner.java:290)
	at org.junit.runners.ParentRunner$1.schedule(ParentRunner.java:71)
	at org.junit.runners.ParentRunner.runChildren(ParentRunner.java:288)
	at org.junit.runners.ParentRunner.access$000(ParentRunner.java:58)
	at org.junit.runners.ParentRunner$2.evaluate(ParentRunner.java:268)
	at org.junit.runners.ParentRunner.run(ParentRunner.java:363)
	at cucumber.api.junit.Cucumber.run(Cucumber.java:98)
	at org.apache.maven.surefire.junit4.JUnit4Provider.execute(JUnit4Provider.java:283)
	at org.apache.maven.surefire.junit4.JUnit4Provider.executeWithRerun(JUnit4Provider.java:173)
	at org.apache.maven.surefire.junit4.JUnit4Provider.executeTestSet(JUnit4Provider.java:153)
	at org.apache.maven.surefire.junit4.JUnit4Provider.invoke(JUnit4Provider.java:128)
	at org.apache.maven.surefire.booter.ForkedBooter.invokeProviderInSameClassLoader(ForkedBooter.java:203)
	at org.apache.maven.surefire.booter.ForkedBooter.runSuitesInProcess(ForkedBooter.java:155)
	at org.apache.maven.surefire.booter.ForkedBooter.main(ForkedBooter.java:103)
Caused by: org.openqa.selenium.TimeoutException: Timed out after 5 seconds waiting for net.serenitybdd.core.pages.WebElementFacadeImpl$1@476ec9d0
Build info: version: '2.46.0', revision: '61506a4624b13675f24581e453592342b7485d71', time: '2015-06-04 10:22:50'
System info: host: 'Koteswara', ip: '192.168.1.22', os.name: 'Windows 8.1', os.arch: 'amd64', os.version: '6.3', java.version: '1.8.0_51'
Driver info: driver.version: unknown
	at org.openqa.selenium.support.ui.FluentWait.timeoutException(FluentWait.java:260)
	at org.openqa.selenium.support.ui.FluentWait.until(FluentWait.java:229)
	at net.serenitybdd.core.pages.WebElementFacadeImpl.checkPresenceOfWebElement(WebElementFacadeImpl.java:708)
	at net.serenitybdd.core.pages.WebElementFacadeImpl.getText(WebElementFacadeImpl.java:893)
	at sun.reflect.NativeMethodAccessorImpl.invoke0(Native Method)
	at sun.reflect.NativeMethodAccessorImpl.invoke(NativeMethodAccessorImpl.java:62)
	at sun.reflect.DelegatingMethodAccessorImpl.invoke(DelegatingMethodAccessorImpl.java:43)
	at java.lang.reflect.Method.invoke(Method.java:497)
	at net.thucydides.core.annotations.locators.AbstractSingleItemHandler.invoke(AbstractSingleItemHandler.java:46)
	at com.sun.proxy.$Proxy23.getText(Unknown Source)
	at com.qaworks.acceptancetests.pages.ContactUsPage.getName(ContactUsPage.java:31)
	at com.qaworks.acceptancetests.features.steps.serenity.UserContactSteps.should_contact_QAWorks(UserContactSteps.java:24)
	at com.qaworks.acceptancetests.features.steps.serenity.UserContactSteps$$EnhancerByCGLIB$$831fbf13.CGLIB$should_contact_QAWorks$0(<generated>)
	at com.qaworks.acceptancetests.features.steps.serenity.UserContactSteps$$EnhancerByCGLIB$$831fbf13$$FastClassByCGLIB$$b78662c.invoke(<generated>)
	at net.sf.cglib.proxy.MethodProxy.invokeSuper(MethodProxy.java:228)
	at net.thucydides.core.steps.StepInterceptor.invokeMethod(StepInterceptor.java:334)
	at net.thucydides.core.steps.StepInterceptor.executeTestStepMethod(StepInterceptor.java:319)
	at net.thucydides.core.steps.StepInterceptor.runTestStep(StepInterceptor.java:296)
	at net.thucydides.core.steps.StepInterceptor.testStepResult(StepInterceptor.java:129)
	at net.thucydides.core.steps.StepInterceptor.intercept(StepInterceptor.java:56)
	at com.qaworks.acceptancetests.features.steps.serenity.UserContactSteps$$EnhancerByCGLIB$$831fbf13.should_contact_QAWorks(<generated>)
	at com.qaworks.acceptancetests.features.steps.ContactSteps.i_should_be_able_to_contact_QAWorks_with_the_following_information(ContactSteps.java:31)
	at sun.reflect.NativeMethodAccessorImpl.invoke0(Native Method)
	at sun.reflect.NativeMethodAccessorImpl.invoke(NativeMethodAccessorImpl.java:62)
	at sun.reflect.DelegatingMethodAccessorImpl.invoke(DelegatingMethodAccessorImpl.java:43)
	at java.lang.reflect.Method.invoke(Method.java:497)
	at cucumber.runtime.Utils$1.call(Utils.java:37)
	at cucumber.runtime.Timeout.timeout(Timeout.java:13)
	at cucumber.runtime.Utils.invoke(Utils.java:31)
	at cucumber.runtime.java.JavaStepDefinition.execute(JavaStepDefinition.java:38)
	at cucumber.runtime.StepDefinitionMatch.runStep(StepDefinitionMatch.java:37)
	at cucumber.runtime.Runtime.runStep(Runtime.java:299)
	at cucumber.runtime.model.StepContainer.runStep(StepContainer.java:44)
	at cucumber.runtime.model.StepContainer.runSteps(StepContainer.java:39)
	at cucumber.runtime.model.CucumberScenario.run(CucumberScenario.java:44)
	at cucumber.runtime.junit.ExecutionUnitRunner.run(ExecutionUnitRunner.java:91)
	at cucumber.runtime.junit.FeatureRunner.runChild(FeatureRunner.java:63)
	at cucumber.runtime.junit.FeatureRunner.runChild(FeatureRunner.java:18)
	at org.junit.runners.ParentRunner$3.run(ParentRunner.java:290)
	at org.junit.runners.ParentRunner$1.schedule(ParentRunner.java:71)
	at org.junit.runners.ParentRunner.runChildren(ParentRunner.java:288)
	at org.junit.runners.ParentRunner.access$000(ParentRunner.java:58)
	at org.junit.runners.ParentRunner$2.evaluate(ParentRunner.java:268)
	at org.junit.runners.ParentRunner.run(ParentRunner.java:363)
	at cucumber.runtime.junit.FeatureRunner.run(FeatureRunner.java:70)
	at cucumber.api.junit.Cucumber.runChild(Cucumber.java:93)
	at cucumber.api.junit.Cucumber.runChild(Cucumber.java:37)
	at org.junit.runners.ParentRunner$3.run(ParentRunner.java:290)
	at org.junit.runners.ParentRunner$1.schedule(ParentRunner.java:71)
	at org.junit.runners.ParentRunner.runChildren(ParentRunner.java:288)
	at org.junit.runners.ParentRunner.access$000(ParentRunner.java:58)
	at org.junit.runners.ParentRunner$2.evaluate(ParentRunner.java:268)
	at org.junit.runners.ParentRunner.run(ParentRunner.java:363)
	at cucumber.api.junit.Cucumber.run(Cucumber.java:98)
	at org.apache.maven.surefire.junit4.JUnit4Provider.execute(JUnit4Provider.java:283)
	at org.apache.maven.surefire.junit4.JUnit4Provider.executeWithRerun(JUnit4Provider.java:173)
	at org.apache.maven.surefire.junit4.JUnit4Provider.executeTestSet(JUnit4Provider.java:153)
	at org.apache.maven.surefire.junit4.JUnit4Provider.invoke(JUnit4Provider.java:128)
	at org.apache.maven.surefire.booter.ForkedBooter.invokeProviderInSameClassLoader(ForkedBooter.java:203)
	at org.apache.maven.surefire.booter.ForkedBooter.runSuitesInProcess(ForkedBooter.java:155)
	at org.apache.maven.surefire.booter.ForkedBooter.main(ForkedBooter.java:103)
]]></error>
    <system-err><![CDATA[[Screenshot Processor] INFO net.thucydides.core.screenshots.SingleThreadScreenshotProcessor - Processing screenshot completed
[main] INFO net.thucydides.core.screenshots.Photographer - Failed to quickly delete screenshot screenshot3796693013833649173 : C:\Users\CHEET_~1\AppData\Local\Temp\screenshot3796693013833649173: The process cannot access the file because it is being used by another process.

[main] INFO net.thucydides.core.screenshots.Photographer - Failed to quickly delete screenshot screenshot9046638722129373249 : C:\Users\CHEET_~1\AppData\Local\Temp\screenshot9046638722129373249: The process cannot access the file because it is being used by another process.

[main] INFO net.thucydides.core.screenshots.Photographer - Failed to quickly delete screenshot screenshot5362122249230930984 : C:\Users\CHEET_~1\AppData\Local\Temp\screenshot5362122249230930984: The process cannot access the file because it is being used by another process.

[main] INFO net.thucydides.core.steps.StepInterceptor - STARTING STEP: ContactSteps.i_should_be_able_to_contact_QAWorks_with_the_following_information - should_contact_QAWorks
[main] INFO net.thucydides.core.screenshots.Photographer - Failed to quickly delete screenshot screenshot5880162860872492854 : C:\Users\CHEET_~1\AppData\Local\Temp\screenshot5880162860872492854: The process cannot access the file because it is being used by another process.

[main] INFO net.serenitybdd.core.Serenity - STEP FAILED: net.serenitybdd.core.exceptions.SerenityWebDriverException: Timed out after 5 seconds waiting for net.serenitybdd.core.pages.WebElementFacadeImpl$1@476ec9d0
Build info: version: '2.46.0', revision: '61506a4624b13675f24581e453592342b7485d71', time: '2015-06-04 10:22:50'
System info: host: 'Koteswara', ip: '192.168.1.22', os.name: 'Windows 8.1', os.arch: 'amd64', os.version: '6.3', java.version: '1.8.0_51'
Driver info: driver.version: unknown
For documentation on this error, please visit: http://seleniumhq.org/exceptions/no_such_element.html
Build info: version: '2.46.0', revision: '61506a4624b13675f24581e453592342b7485d71', time: '2015-06-04 10:22:50'
System info: host: 'Koteswara', ip: '192.168.1.22', os.name: 'Windows 8.1', os.arch: 'amd64', os.version: '6.3', java.version: '1.8.0_51'
Driver info: driver.version: unknown
]]></system-err>
  </testcase>
  <testcase name="Scenario: Valid submission" classname="Scenario: Valid submission" time="0.033">
    <error message="Timed out after 5 seconds waiting for net.serenitybdd.core.pages.WebElementFacadeImpl$1@476ec9d0&#10;Build info: version: &apos;2.46.0&apos;, revision: &apos;61506a4624b13675f24581e453592342b7485d71&apos;, time: &apos;2015-06-04 10:22:50&apos;&#10;System info: host: &apos;Koteswara&apos;, ip: &apos;192.168.1.22&apos;, os.name: &apos;Windows 8.1&apos;, os.arch: &apos;amd64&apos;, os.version: &apos;6.3&apos;, java.version: &apos;1.8.0_51&apos;&#10;Driver info: driver.version: unknown&#10;For documentation on this error, please visit: http://seleniumhq.org/exceptions/no_such_element.html&#10;Build info: version: &apos;2.46.0&apos;, revision: &apos;61506a4624b13675f24581e453592342b7485d71&apos;, time: &apos;2015-06-04 10:22:50&apos;&#10;System info: host: &apos;Koteswara&apos;, ip: &apos;192.168.1.22&apos;, os.name: &apos;Windows 8.1&apos;, os.arch: &apos;amd64&apos;, os.version: &apos;6.3&apos;, java.version: &apos;1.8.0_51&apos;&#10;Driver info: driver.version: unknown" type="net.serenitybdd.core.exceptions.SerenityWebDriverException"><![CDATA[net.serenitybdd.core.exceptions.SerenityWebDriverException: Timed out after 5 seconds waiting for net.serenitybdd.core.pages.WebElementFacadeImpl$1@476ec9d0
Build info: version: '2.46.0', revision: '61506a4624b13675f24581e453592342b7485d71', time: '2015-06-04 10:22:50'
System info: host: 'Koteswara', ip: '192.168.1.22', os.name: 'Windows 8.1', os.arch: 'amd64', os.version: '6.3', java.version: '1.8.0_51'
Driver info: driver.version: unknown
For documentation on this error, please visit: http://seleniumhq.org/exceptions/no_such_element.html
Build info: version: '2.46.0', revision: '61506a4624b13675f24581e453592342b7485d71', time: '2015-06-04 10:22:50'
System info: host: 'Koteswara', ip: '192.168.1.22', os.name: 'Windows 8.1', os.arch: 'amd64', os.version: '6.3', java.version: '1.8.0_51'
Driver info: driver.version: unknown
	at net.serenitybdd.core.pages.WebElementFacadeImpl.throwNoSuchElementExceptionWithCauseIfPresent(WebElementFacadeImpl.java:751)
	at net.serenitybdd.core.pages.WebElementFacadeImpl.checkPresenceOfWebElement(WebElementFacadeImpl.java:714)
	at net.serenitybdd.core.pages.WebElementFacadeImpl.getText(WebElementFacadeImpl.java:893)
	at sun.reflect.NativeMethodAccessorImpl.invoke0(Native Method)
	at sun.reflect.NativeMethodAccessorImpl.invoke(NativeMethodAccessorImpl.java:62)
	at sun.reflect.DelegatingMethodAccessorImpl.invoke(DelegatingMethodAccessorImpl.java:43)
	at java.lang.reflect.Method.invoke(Method.java:497)
	at net.thucydides.core.annotations.locators.AbstractSingleItemHandler.invoke(AbstractSingleItemHandler.java:46)
	at com.sun.proxy.$Proxy23.getText(Unknown Source)
	at com.qaworks.acceptancetests.pages.ContactUsPage.getName(ContactUsPage.java:31)
	at com.qaworks.acceptancetests.features.steps.serenity.UserContactSteps.should_contact_QAWorks(UserContactSteps.java:24)
	at com.qaworks.acceptancetests.features.steps.serenity.UserContactSteps$$EnhancerByCGLIB$$831fbf13.CGLIB$should_contact_QAWorks$0(<generated>)
	at com.qaworks.acceptancetests.features.steps.serenity.UserContactSteps$$EnhancerByCGLIB$$831fbf13$$FastClassByCGLIB$$b78662c.invoke(<generated>)
	at net.sf.cglib.proxy.MethodProxy.invokeSuper(MethodProxy.java:228)
	at net.thucydides.core.steps.StepInterceptor.invokeMethod(StepInterceptor.java:334)
	at net.thucydides.core.steps.StepInterceptor.executeTestStepMethod(StepInterceptor.java:319)
	at net.thucydides.core.steps.StepInterceptor.runTestStep(StepInterceptor.java:296)
	at net.thucydides.core.steps.StepInterceptor.testStepResult(StepInterceptor.java:129)
	at net.thucydides.core.steps.StepInterceptor.intercept(StepInterceptor.java:56)
	at com.qaworks.acceptancetests.features.steps.serenity.UserContactSteps$$EnhancerByCGLIB$$831fbf13.should_contact_QAWorks(<generated>)
	at com.qaworks.acceptancetests.features.steps.ContactSteps.i_should_be_able_to_contact_QAWorks_with_the_following_information(ContactSteps.java:31)
	at sun.reflect.NativeMethodAccessorImpl.invoke0(Native Method)
	at sun.reflect.NativeMethodAccessorImpl.invoke(NativeMethodAccessorImpl.java:62)
	at sun.reflect.DelegatingMethodAccessorImpl.invoke(DelegatingMethodAccessorImpl.java:43)
	at java.lang.reflect.Method.invoke(Method.java:497)
	at cucumber.runtime.Utils$1.call(Utils.java:37)
	at cucumber.runtime.Timeout.timeout(Timeout.java:13)
	at cucumber.runtime.Utils.invoke(Utils.java:31)
	at cucumber.runtime.java.JavaStepDefinition.execute(JavaStepDefinition.java:38)
	at cucumber.runtime.StepDefinitionMatch.runStep(StepDefinitionMatch.java:37)
	at cucumber.runtime.Runtime.runStep(Runtime.java:299)
	at cucumber.runtime.model.StepContainer.runStep(StepContainer.java:44)
	at cucumber.runtime.model.StepContainer.runSteps(StepContainer.java:39)
	at cucumber.runtime.model.CucumberScenario.run(CucumberScenario.java:44)
	at cucumber.runtime.junit.ExecutionUnitRunner.run(ExecutionUnitRunner.java:91)
	at cucumber.runtime.junit.FeatureRunner.runChild(FeatureRunner.java:63)
	at cucumber.runtime.junit.FeatureRunner.runChild(FeatureRunner.java:18)
	at org.junit.runners.ParentRunner$3.run(ParentRunner.java:290)
	at org.junit.runners.ParentRunner$1.schedule(ParentRunner.java:71)
	at org.junit.runners.ParentRunner.runChildren(ParentRunner.java:288)
	at org.junit.runners.ParentRunner.access$000(ParentRunner.java:58)
	at org.junit.runners.ParentRunner$2.evaluate(ParentRunner.java:268)
	at org.junit.runners.ParentRunner.run(ParentRunner.java:363)
	at cucumber.runtime.junit.FeatureRunner.run(FeatureRunner.java:70)
	at cucumber.api.junit.Cucumber.runChild(Cucumber.java:93)
	at cucumber.api.junit.Cucumber.runChild(Cucumber.java:37)
	at org.junit.runners.ParentRunner$3.run(ParentRunner.java:290)
	at org.junit.runners.ParentRunner$1.schedule(ParentRunner.java:71)
	at org.junit.runners.ParentRunner.runChildren(ParentRunner.java:288)
	at org.junit.runners.ParentRunner.access$000(ParentRunner.java:58)
	at org.junit.runners.ParentRunner$2.evaluate(ParentRunner.java:268)
	at org.junit.runners.ParentRunner.run(ParentRunner.java:363)
	at cucumber.api.junit.Cucumber.run(Cucumber.java:98)
	at org.apache.maven.surefire.junit4.JUnit4Provider.execute(JUnit4Provider.java:283)
	at org.apache.maven.surefire.junit4.JUnit4Provider.executeWithRerun(JUnit4Provider.java:173)
	at org.apache.maven.surefire.junit4.JUnit4Provider.executeTestSet(JUnit4Provider.java:153)
	at org.apache.maven.surefire.junit4.JUnit4Provider.invoke(JUnit4Provider.java:128)
	at org.apache.maven.surefire.booter.ForkedBooter.invokeProviderInSameClassLoader(ForkedBooter.java:203)
	at org.apache.maven.surefire.booter.ForkedBooter.runSuitesInProcess(ForkedBooter.java:155)
	at org.apache.maven.surefire.booter.ForkedBooter.main(ForkedBooter.java:103)
Caused by: org.openqa.selenium.TimeoutException: Timed out after 5 seconds waiting for net.serenitybdd.core.pages.WebElementFacadeImpl$1@476ec9d0
Build info: version: '2.46.0', revision: '61506a4624b13675f24581e453592342b7485d71', time: '2015-06-04 10:22:50'
System info: host: 'Koteswara', ip: '192.168.1.22', os.name: 'Windows 8.1', os.arch: 'amd64', os.version: '6.3', java.version: '1.8.0_51'
Driver info: driver.version: unknown
	at org.openqa.selenium.support.ui.FluentWait.timeoutException(FluentWait.java:260)
	at org.openqa.selenium.support.ui.FluentWait.until(FluentWait.java:229)
	at net.serenitybdd.core.pages.WebElementFacadeImpl.checkPresenceOfWebElement(WebElementFacadeImpl.java:708)
	at net.serenitybdd.core.pages.WebElementFacadeImpl.getText(WebElementFacadeImpl.java:893)
	at sun.reflect.NativeMethodAccessorImpl.invoke0(Native Method)
	at sun.reflect.NativeMethodAccessorImpl.invoke(NativeMethodAccessorImpl.java:62)
	at sun.reflect.DelegatingMethodAccessorImpl.invoke(DelegatingMethodAccessorImpl.java:43)
	at java.lang.reflect.Method.invoke(Method.java:497)
	at net.thucydides.core.annotations.locators.AbstractSingleItemHandler.invoke(AbstractSingleItemHandler.java:46)
	at com.sun.proxy.$Proxy23.getText(Unknown Source)
	at com.qaworks.acceptancetests.pages.ContactUsPage.getName(ContactUsPage.java:31)
	at com.qaworks.acceptancetests.features.steps.serenity.UserContactSteps.should_contact_QAWorks(UserContactSteps.java:24)
	at com.qaworks.acceptancetests.features.steps.serenity.UserContactSteps$$EnhancerByCGLIB$$831fbf13.CGLIB$should_contact_QAWorks$0(<generated>)
	at com.qaworks.acceptancetests.features.steps.serenity.UserContactSteps$$EnhancerByCGLIB$$831fbf13$$FastClassByCGLIB$$b78662c.invoke(<generated>)
	at net.sf.cglib.proxy.MethodProxy.invokeSuper(MethodProxy.java:228)
	at net.thucydides.core.steps.StepInterceptor.invokeMethod(StepInterceptor.java:334)
	at net.thucydides.core.steps.StepInterceptor.executeTestStepMethod(StepInterceptor.java:319)
	at net.thucydides.core.steps.StepInterceptor.runTestStep(StepInterceptor.java:296)
	at net.thucydides.core.steps.StepInterceptor.testStepResult(StepInterceptor.java:129)
	at net.thucydides.core.steps.StepInterceptor.intercept(StepInterceptor.java:56)
	at com.qaworks.acceptancetests.features.steps.serenity.UserContactSteps$$EnhancerByCGLIB$$831fbf13.should_contact_QAWorks(<generated>)
	at com.qaworks.acceptancetests.features.steps.ContactSteps.i_should_be_able_to_contact_QAWorks_with_the_following_information(ContactSteps.java:31)
	at sun.reflect.NativeMethodAccessorImpl.invoke0(Native Method)
	at sun.reflect.NativeMethodAccessorImpl.invoke(NativeMethodAccessorImpl.java:62)
	at sun.reflect.DelegatingMethodAccessorImpl.invoke(DelegatingMethodAccessorImpl.java:43)
	at java.lang.reflect.Method.invoke(Method.java:497)
	at cucumber.runtime.Utils$1.call(Utils.java:37)
	at cucumber.runtime.Timeout.timeout(Timeout.java:13)
	at cucumber.runtime.Utils.invoke(Utils.java:31)
	at cucumber.runtime.java.JavaStepDefinition.execute(JavaStepDefinition.java:38)
	at cucumber.runtime.StepDefinitionMatch.runStep(StepDefinitionMatch.java:37)
	at cucumber.runtime.Runtime.runStep(Runtime.java:299)
	at cucumber.runtime.model.StepContainer.runStep(StepContainer.java:44)
	at cucumber.runtime.model.StepContainer.runSteps(StepContainer.java:39)
	at cucumber.runtime.model.CucumberScenario.run(CucumberScenario.java:44)
	at cucumber.runtime.junit.ExecutionUnitRunner.run(ExecutionUnitRunner.java:91)
	at cucumber.runtime.junit.FeatureRunner.runChild(FeatureRunner.java:63)
	at cucumber.runtime.junit.FeatureRunner.runChild(FeatureRunner.java:18)
	at org.junit.runners.ParentRunner$3.run(ParentRunner.java:290)
	at org.junit.runners.ParentRunner$1.schedule(ParentRunner.java:71)
	at org.junit.runners.ParentRunner.runChildren(ParentRunner.java:288)
	at org.junit.runners.ParentRunner.access$000(ParentRunner.java:58)
	at org.junit.runners.ParentRunner$2.evaluate(ParentRunner.java:268)
	at org.junit.runners.ParentRunner.run(ParentRunner.java:363)
	at cucumber.runtime.junit.FeatureRunner.run(FeatureRunner.java:70)
	at cucumber.api.junit.Cucumber.runChild(Cucumber.java:93)
	at cucumber.api.junit.Cucumber.runChild(Cucumber.java:37)
	at org.junit.runners.ParentRunner$3.run(ParentRunner.java:290)
	at org.junit.runners.ParentRunner$1.schedule(ParentRunner.java:71)
	at org.junit.runners.ParentRunner.runChildren(ParentRunner.java:288)
	at org.junit.runners.ParentRunner.access$000(ParentRunner.java:58)
	at org.junit.runners.ParentRunner$2.evaluate(ParentRunner.java:268)
	at org.junit.runners.ParentRunner.run(ParentRunner.java:363)
	at cucumber.api.junit.Cucumber.run(Cucumber.java:98)
	at org.apache.maven.surefire.junit4.JUnit4Provider.execute(JUnit4Provider.java:283)
	at org.apache.maven.surefire.junit4.JUnit4Provider.executeWithRerun(JUnit4Provider.java:173)
	at org.apache.maven.surefire.junit4.JUnit4Provider.executeTestSet(JUnit4Provider.java:153)
	at org.apache.maven.surefire.junit4.JUnit4Provider.invoke(JUnit4Provider.java:128)
	at org.apache.maven.surefire.booter.ForkedBooter.invokeProviderInSameClassLoader(ForkedBooter.java:203)
	at org.apache.maven.surefire.booter.ForkedBooter.runSuitesInProcess(ForkedBooter.java:155)
	at org.apache.maven.surefire.booter.ForkedBooter.main(ForkedBooter.java:103)
]]></error>
  </testcase>
</testsuite>