<?xml version="1.0" encoding="UTF-8"?>
<testsuite name="com.qaworks.acceptancetests.features.HomeTests" time="2.319" tests="4" errors="0" skipped="0" failures="0">
  <properties>
[...]
</properties>
  <testcase name="Given I am an end user" classname="Scenario: Display Home Page" time="0"/>
  <testcase name="When I navigate to QAWorks site" classname="Scenario: Display Home Page" time="0"/>
  <testcase name="Then I should see Welcome to QAWorks message" classname="Scenario: Display Home Page" time="0"/>
  <testcase name="Scenario: Display Home Page" classname="Scenario: Display Home Page" time="2.319"/>
</testsuite>