<?xml version="1.0" encoding="UTF-8"?><testsuite errors="1" failures="0" name="Contact Us Page" skipped="1" tests="2" time="26.89" timestamp="2015-09-245 11:43:18"><testcase name="Valid submission"><error message="Timed out after 5 seconds waiting for net.serenitybdd.core.pages.WebElementFacadeImpl$1@3c89bb12&#10;Build info: version: '2.46.0', revision: '61506a4624b13675f24581e453592342b7485d71', time: '2015-06-04 10:22:50'&#10;System info: host: 'Koteswara', ip: '192.168.1.22', os.name: 'Windows 8.1', os.arch: 'amd64', os.version: '6.3', java.version: '1.8.0_51'&#10;Driver info: driver.version: unknown" type="org.openqa.selenium.TimeoutException">Timed out after 5 seconds waiting for net.serenitybdd.core.pages.WebElementFacadeImpl$1@3c89bb12
Build info: version: '2.46.0', revision: '61506a4624b13675f24581e453592342b7485d71', time: '2015-06-04 10:22:50'
System info: host: 'Koteswara', ip: '192.168.1.22', os.name: 'Windows 8.1', os.arch: 'amd64', os.version: '6.3', java.version: '1.8.0_51'
Driver info: driver.version: unknown</error><system-err>Timed out after 5 seconds waiting for net.serenitybdd.core.pages.WebElementFacadeImpl$1@3c89bb12
Build info: version: '2.46.0', revision: '61506a4624b13675f24581e453592342b7485d71', time: '2015-06-04 10:22:50'
System info: host: 'Koteswara', ip: '192.168.1.22', os.name: 'Windows 8.1', os.arch: 'amd64', os.version: '6.3', java.version: '1.8.0_51'
Driver info: driver.version: unknown&#13;
com.qaworks.acceptancetests.pages.ContactUsPage.getName(ContactUsPage.java:34)&#13;
com.qaworks.acceptancetests.features.steps.serenity.UserContactSteps.should_contact_QAWorks(UserContactSteps.java:27)&#13;
com.qaworks.acceptancetests.features.steps.ContactSteps.i_should_be_able_to_contact_QAWorks_with_the_following_information(ContactSteps.java:31)&#13;
org.eclipse.jdt.internal.junit4.runner.JUnit4TestReference.run(JUnit4TestReference.java:86)&#13;
org.eclipse.jdt.internal.junit.runner.TestExecution.run(TestExecution.java:38)&#13;
org.eclipse.jdt.internal.junit.runner.RemoteTestRunner.runTests(RemoteTestRunner.java:459)&#13;
org.eclipse.jdt.internal.junit.runner.RemoteTestRunner.runTests(RemoteTestRunner.java:675)&#13;
org.eclipse.jdt.internal.junit.runner.RemoteTestRunner.run(RemoteTestRunner.java:382)&#13;
org.eclipse.jdt.internal.junit.runner.RemoteTestRunner.main(RemoteTestRunner.java:192)&#13;
</system-err></testcase><testcase name="Careers at QAWorks"><skipped/></testcase></testsuite>